2023-09-26 18:28:46,760 - INFO -  * Running on http://127.0.0.1:5000/ (Press CTRL+C to quit)
2023-09-26 18:28:56,857 - INFO - 127.0.0.1 - - [26/Sep/2023 18:28:56] "[37mGET / HTTP/1.1[0m" 200 -
2023-09-26 18:29:18,216 - WARNING - The chromedriver version (116.0.5845.96) detected in PATH at C:\Program Files\Google\Chrome\Application\chromedriver.exe might not be compatible with the detected chrome version (117.0.5938.92); currently, chromedriver 117.0.5938.92 is recommended for chrome 117.*, so it is advised to delete the driver in PATH and retry
Working
AllSites
inside All site
Message: Unable to obtain driver for MicrosoftEdge using Selenium Manager.; For documentation on this error, please visit: https://www.selenium.dev/documentation/webdriver/troubleshooting/errors/driver_location

error in foundit
42
https://weworkremotely.com/remote-jobs/search
https://weworkremotely.com/remote-jobs/new
https://weworkremotely.com/remote-jobs/new
https://weworkremotely.com/remote-jobs/search
https://weworkremotely.com/remote-jobs/new
https://weworkremotely.com/remote-jobs/talentgenius-engineering-team-lead
Austin, TX
https://weworkremotely.com/remote-jobs/cere-network-lead-software-engineer
San Francisco, CA
https://weworkremotely.com/remote-jobs/appsignal-product-developer-react-medior-senior-cest-timezone
The Netherlands
https://weworkremotely.com/remote-jobs/remotemore-full-stack-javascript-developer-react-node-js-typescript
Berlin/Chicago
https://weworkremotely.com/remote-jobs/opencraft-senior-open-source-developer-devops-python-django-react-aws-openstack
Fully remote company (worldwide, incorporated in Berlin)
https://weworkremotely.com/remote-jobs/ttt246-llc-lead-android-or-and-iphone-engineer
puerto rico
https://weworkremotely.com/remote-jobs/remotasks-software-engineer-ai-training-remote-work-india
USA
https://weworkremotely.com/remote-jobs/tbd-rails-7-turbo-javascript-pro-we-operate-our-business-similarly-to-37-signals
Wellington, New Zealand
https://weworkremotely.com/remote-jobs/remotasks-software-engineer-ai-training-remote-work-ar-mx
USA
https://weworkremotely.com/remote-jobs/fathom-staff-software-engineer-full-stack
Remote
https://weworkremotely.com/remote-jobs/remotasks-software-engineer-ai-training-remote-work-us
USA
https://weworkremotely.com/remote-jobs/lemon-io-senior-full-stack-python-developer
Kyiv, Ukraine
https://weworkremotely.com/remote-jobs/sticker-mule-x-api-engineer
Amsterdam, NY
https://weworkremotely.com/remote-jobs/clouddevs-react-node-fullstack-developer
San Francisco
https://weworkremotely.com/remote-jobs/folks-freelance-react-developer
California
https://weworkremotely.com/remote-jobs/appy-ventures-full-stack-developer
Farnham
https://weworkremotely.com/remote-jobs/institute-of-om-rails-lead-engineer-for-amazing-education-community-platform
Santa Rosa, CA
https://weworkremotely.com/remote-jobs/openfn-remote-principal-elixir-engineer-eu-africa-timezones
New York, United States
https://weworkremotely.com/remote-jobs/xm-senior-java-developers-cyprus-greece-or-remote
Cyprus
https://weworkremotely.com/remote-jobs/prefix-senior-full-stack-software-engineer
New York, NY
https://weworkremotely.com/remote-jobs/amazee-io-business-software-engineer
Zurich, Switzerland
https://weworkremotely.com/remote-jobs/a-team-senior-independent-software-developer-110-190-hr
NYC, SF, and TLV
https://weworkremotely.com/remote-jobs/rebelcode-ltd-full-stack-wordpress-developer
Malta
https://weworkremotely.com/remote-jobs/timezest-engineering-lead
Remote
https://weworkremotely.com/remote-jobs/piton-labs-senior-software-engineer-2
New York
https://weworkremotely.com/remote-jobs/contra-freelance-plasmic-app-at-grapheec
San Francisco, CA
https://weworkremotely.com/remote-jobs/bbe-marketing-inc-lead-full-stack-php-developer-2
Hurst, TX
https://weworkremotely.com/remote-jobs/sourcefabric-full-stack-developer-newshub-1
Prague
https://weworkremotely.com/remote-jobs/openplay-full-stack-ruby-engineer
Los Angeles, CA
https://weworkremotely.com/remote-jobs/proteus-digital-lab-llc-shopify-web-developer-for-conversion-rate-optimization-cro-testing
Colorado
https://weworkremotely.com/remote-jobs/entermotion-senior-full-stack-php-developer
United States
https://weworkremotely.com/remote-jobs/stacker-full-stack-engineer-remote-europe
London, UK
https://weworkremotely.com/remote-jobs/power-diary-net-software-engineer
Australia
https://weworkremotely.com/remote-jobs/overmind-blockchain-developer
Singapore
https://weworkremotely.com/remote-jobs/allovue-senior-elixir-developer
Baltimore, MD
https://weworkremotely.com/remote-jobs/proxify-ab-senior-react-native-developer-long-term-job-100-remote
Sweden
https://weworkremotely.com/remote-jobs/new
21
https://weworkremotely.com/remote-jobs/search
https://weworkremotely.com/remote-jobs/new
https://weworkremotely.com/remote-jobs/new
https://weworkremotely.com/remote-jobs/search
https://weworkremotely.com/remote-jobs/new
https://weworkremotely.com/remote-jobs/spline-graphics-engineer
Distributed
https://weworkremotely.com/remote-jobs/spline-senior-ui-engineer
Distributed
https://weworkremotely.com/remote-jobs/spline-ml-engineer-1
Distributed
https://weworkremotely.com/remote-jobs/sportybet-eu-frontend-developer
London
https://weworkremotely.com/remote-jobs/appy-ventures-flutter-or-react-native-developer
Farnham
https://weworkremotely.com/remote-jobs/eino-founding-software-engineer
New York, USA
https://weworkremotely.com/remote-jobs/proxify-ab-senior-next-js-developer-long-term-100-remote
Sweden
https://weworkremotely.com/remote-jobs/openfn-remote-senior-js-typescript-engineer-eu-africa-timezones
New York, United States
https://weworkremotely.com/remote-jobs/proxify-ab-senior-vue-js-developer
Sweden
https://weworkremotely.com/remote-jobs/engagedmd-senior-frontend-engineer
Washington, DC
https://weworkremotely.com/remote-jobs/stealth-frontend-engineer-at-stealth-crypto-startup
USA
https://weworkremotely.com/remote-jobs/tempmee-react-developer
Miami, FL, United States
https://weworkremotely.com/remote-jobs/orderez-frontend-engineer
Singapore
https://weworkremotely.com/remote-jobs/digismoothie-s-r-o-shopify-developer
Czech Republic
https://weworkremotely.com/remote-jobs/inspirehq-front-end-tailwind-css-developer-designer
None
https://weworkremotely.com/remote-jobs/new
26
https://weworkremotely.com/remote-jobs/search
https://weworkremotely.com/remote-jobs/new
https://weworkremotely.com/remote-jobs/new
https://weworkremotely.com/remote-jobs/search
https://weworkremotely.com/remote-jobs/new
https://weworkremotely.com/remote-jobs/onthegosystems-senior-php-developer
100% remote
https://weworkremotely.com/remote-jobs/g2i-inc-backend-go-developer-remote
Delray Beach, FL
https://weworkremotely.com/remote-jobs/tiller-experienced-software-engineer-backend
Seattle, WA
https://weworkremotely.com/remote-jobs/close-senior-staff-software-engineer-backend-python-usa-100-remote
USA
https://weworkremotely.com/remote-jobs/quickmail-senior-ruby-on-rails-usd-80-120k
Europe
https://weworkremotely.com/remote-jobs/toggl-senior-backend-engineer-1
Tallin
https://weworkremotely.com/remote-jobs/textmagic-senior-back-end-developer-php-symfony-postgresql-1
Estonia
https://weworkremotely.com/remote-jobs/sportybet-eu-automation-qa
London
https://weworkremotely.com/remote-jobs/the-explanation-company-software-engineer-rails-backend
Remote
https://weworkremotely.com/remote-jobs/tactiq-tech-lead-backend-engineer
Richmond, VA
https://weworkremotely.com/remote-jobs/sticker-mule-site-reliability-engineer-1
New York, NY
https://weworkremotely.com/remote-jobs/syncwith-senior-backend-engineer-small-team-building-integrations-typescript-node
Victoria, BC, Canada
https://weworkremotely.com/remote-jobs/zero44-gmbh-senior-backend-ruby-engineer-2
Berlin, Germany
https://weworkremotely.com/remote-jobs/access-genie-staff-software-engineer-tech-lead-python
Lakewood, New Jersey, United States
https://weworkremotely.com/remote-jobs/xm-modern-cpp-software-developer-remote-2
Cyprus
https://weworkremotely.com/remote-jobs/xm-senior-php-web-developers-cyprus-greece-or-remote-2
Cyprus, Greece or Remote
https://weworkremotely.com/remote-jobs/proxify-ab-senior-django-developer
Sweden
https://weworkremotely.com/remote-jobs/proxify-ab-senior-laravel-developer-long-term-job-100-remote
Sweden
https://weworkremotely.com/remote-jobs/proxify-ab-senior-ruby-on-rails-developer-fully-remote
Sweden
https://weworkremotely.com/remote-jobs/proxify-ab-senior-unreal-engine-cpp-developer
Sweden
https://weworkremotely.com/remote-jobs/new
20
https://weworkremotely.com/remote-jobs/search
https://weworkremotely.com/remote-jobs/new
https://weworkremotely.com/remote-jobs/new
https://weworkremotely.com/remote-jobs/search
https://weworkremotely.com/remote-jobs/new
https://weworkremotely.com/remote-jobs/owner-com-youtube-video-script-writer-contract
None
https://weworkremotely.com/remote-jobs/toggl-product-designer-3
Tallin
https://weworkremotely.com/remote-jobs/subscript-contract-product-designer
USA
https://weworkremotely.com/remote-jobs/owner-com-youtube-video-editor-contract
None
https://weworkremotely.com/remote-jobs/mailerlite-product-designer-2
USA
https://weworkremotely.com/remote-jobs/contra-freelance-website-designs-at-dna
San Francisco, CA
https://weworkremotely.com/remote-jobs/contra-freelance-graphic-design-implementation-at-body-catatlyst
San Francisco, CA
https://weworkremotely.com/remote-jobs/athlete-training-short-form-video-editor
Melbourne, AUS
https://weworkremotely.com/remote-jobs/orderez-ux-ui-designer
Singapore
https://weworkremotely.com/remote-jobs/leadsimple-inc-senior-product-designer
Washington State, U.S.A.
https://weworkremotely.com/remote-jobs/contra-senior-graphic-designer-at-radial-path
San Francisco, CA
https://weworkremotely.com/remote-jobs/a-team-senior-independent-ux-ui-designer-110-190-hr
NYC, SF, and TLV
https://weworkremotely.com/remote-jobs/contra-freelance-graphic-design-and-print-design-for-jewelry-marketing-materials-at-shivam-imports
San Francisco, CA
https://weworkremotely.com/remote-jobs/contra-freelance-protopie-website-prototype-at-sauce-studio
San Francisco, CA
https://weworkremotely.com/remote-jobs/new
13
https://weworkremotely.com/remote-jobs/search
https://weworkremotely.com/remote-jobs/new
https://weworkremotely.com/remote-jobs/new
https://weworkremotely.com/remote-jobs/search
https://weworkremotely.com/remote-jobs/new
https://weworkremotely.com/remote-jobs/archesys-inc-cloud-devops-engineer
Baltimore MD
https://weworkremotely.com/remote-jobs/contra-senior-site-reliability-engineer
San Francisco, CA
https://weworkremotely.com/remote-jobs/fearless-technical-lead
Baltimore, Maryland
https://weworkremotely.com/remote-jobs/marialdn-webmaster-website-administration-devops-wordpress
MariaLDN
https://weworkremotely.com/remote-jobs/creative-force-junior-devops-jedi
Creative Force
https://weworkremotely.com/remote-jobs/structure-software-platform-engineer-c
Boulder, Colorado
https://weworkremotely.com/remote-jobs/proxify-ab-senior-devops-engineer
Sweden
https://weworkremotely.com/remote-jobs/new
17
https://weworkremotely.com/remote-jobs/search
https://weworkremotely.com/remote-jobs/new
https://weworkremotely.com/remote-jobs/new
https://weworkremotely.com/remote-jobs/search
https://weworkremotely.com/remote-jobs/new
https://weworkremotely.com/remote-jobs/the-natural-adventure-financial-assistant-1
London, England, United Kingdom
https://weworkremotely.com/remote-jobs/intuit-credentialed-tax-expert-bilingual-spanish
Mountain View, CA
https://weworkremotely.com/remote-jobs/intuit-tax-associate-work-from-home-2
Mountain View, CA
https://weworkremotely.com/remote-jobs/intuit-tax-expert-cpa-or-ea-work-from-home-2
Mountain View, CA
https://weworkremotely.com/remote-jobs/close-senior-revenue-operations-analyst
USA
https://weworkremotely.com/remote-jobs/flag-theory-junior-accounting-with-international-experience-full-time
Remote
https://weworkremotely.com/remote-jobs/rapidseedbox-ltd-web-development-manager-1
100% Remote
https://weworkremotely.com/remote-jobs/new-law-business-model-marketing-automation-saas-services-line-of-business-owner
Boulder, CO
https://weworkremotely.com/remote-jobs/nagarro-digital-ventures-senior-digital-project-manager
Website
None
https://weworkremotely.com/remote-jobs/64-robots-remote-project-manager-1
Baltimore, MD
https://weworkremotely.com/remote-jobs/spark-shipping-manager-of-customer-support-success
Boston, Massachusetts, United States
https://weworkremotely.com/remote-jobs/new
15
https://weworkremotely.com/remote-jobs/search
https://weworkremotely.com/remote-jobs/new
https://weworkremotely.com/remote-jobs/new
https://weworkremotely.com/remote-jobs/search
https://weworkremotely.com/remote-jobs/new
https://weworkremotely.com/remote-jobs/toggl-chief-product-officer
Tallin
https://weworkremotely.com/remote-jobs/localize-technical-product-manager-b2b-saas-1
United States (Remote)
https://weworkremotely.com/remote-jobs/govassist-llc-product-owner-schengen-visa
US
https://weworkremotely.com/remote-jobs/asssembly-four-lead-product-designer
Melbourne, Austrlia
https://weworkremotely.com/remote-jobs/toggl-product-manager-3
Tallinn, Estonia
https://weworkremotely.com/remote-jobs/vaan-e-commerce-product-owner
New York, NY
https://weworkremotely.com/remote-jobs/a-team-senior-independent-product-manager-product-designer-110-190-hr
NYC, SF, and TLV
https://weworkremotely.com/remote-jobs/leadsimple-inc-product-manager
Washington State, U.S.A.
https://weworkremotely.com/remote-jobs/contra-product-marketing-manager-1
San Francisco, CA
https://weworkremotely.com/remote-jobs/new
21
https://weworkremotely.com/remote-jobs/search
https://weworkremotely.com/remote-jobs/new
https://weworkremotely.com/remote-jobs/new
https://weworkremotely.com/remote-jobs/search
https://weworkremotely.com/remote-jobs/new
https://weworkremotely.com/remote-jobs/youcanbook-me-customer-success-manager-remote-usa-only
Bedford, United Kingdom
https://weworkremotely.com/remote-jobs/omni-interactions-remote-customer-service-work-from-home-select-your-schedule
Colorado
https://weworkremotely.com/remote-jobs/pr-volt-public-relations-customer-success-lead
Santa Monica, CA
https://weworkremotely.com/remote-jobs/support-adventure-remote-it-helpdesk-technician-level-2-to-level-3-engineers
London, UK
https://weworkremotely.com/remote-jobs/files-com-customer-support-engineer-2
Scottsdale, AZ
https://weworkremotely.com/remote-jobs/neighborhood-hosts-inc-guest-services-agent-1
NYC
https://weworkremotely.com/remote-jobs/govassist-llc-customer-service-representative-10
US
https://weworkremotely.com/remote-jobs/vidalytics-customer-happiness-lead-saas-tech-support
USA
https://weworkremotely.com/remote-jobs/ziprent-relations-manager-property-management
California
https://weworkremotely.com/remote-jobs/porkbun-technical-support-representative-3
Oregon
https://weworkremotely.com/remote-jobs/flight-cx-customer-support-representative-1
California
https://weworkremotely.com/remote-jobs/fragrancex-com-customer-service-associate-ft-remote
FragranceX.com
https://weworkremotely.com/remote-jobs/loganix-account-manager-seo-1
Seattle, WA
https://weworkremotely.com/remote-jobs/trifecta-retail-ventures-customer-happiness-advocate-remote-canada-1
Helsinki, Finland
https://weworkremotely.com/remote-jobs/leadsimple-inc-customer-support-rep-1
Washington State, U.S.A.
https://weworkremotely.com/remote-jobs/new
42
https://weworkremotely.com/remote-jobs/search
https://weworkremotely.com/remote-jobs/new
https://weworkremotely.com/remote-jobs/new
https://weworkremotely.com/remote-jobs/search
https://weworkremotely.com/remote-jobs/new
https://weworkremotely.com/remote-jobs/onthegosystems-content-marketer-for-a-developer-tool
100% remote
https://weworkremotely.com/remote-jobs/shoutvox-freelance-writer
New York, NY
https://weworkremotely.com/remote-jobs/yoko-co-business-development-assistant
McLean, VA
https://weworkremotely.com/remote-jobs/used-conex-llc-high-commission-sales-agent-chat-only
Tampa, FL
https://weworkremotely.com/remote-jobs/realiste-senior-sales-manager-financial-product
Dubai
https://weworkremotely.com/remote-jobs/vidalytics-account-manager-for-saas
USA
https://weworkremotely.com/remote-jobs/usedconex-com-remote-sales-chat-representative-2
Tampa, Florida
https://weworkremotely.com/remote-jobs/hygraph-head-of-product-marketing-f-m-d-remote-emea
Dircksenstraﬂe 47, 10178 Berlin, Germany
https://weworkremotely.com/remote-jobs/hygraph-senior-product-marketing-manager-f-m-d-remote-emea-1
Dircksenstraﬂe 47, 10178 Berlin, Germany
https://weworkremotely.com/remote-jobs/tabl-service-llc-sales-representative
Dover Plains, NY
https://weworkremotely.com/remote-jobs/socialhub-sales-development-representative-saas-m-w-d-german-speaking
Sch¸tterlettenweg 4, 85053 Ingolstadt, Deutschland
https://weworkremotely.com/remote-jobs/bbe-marketing-inc-partnership-manager-9
Hurst, TX
https://weworkremotely.com/remote-jobs/million-dollar-dads-operations-manager
Austin TX
https://weworkremotely.com/remote-jobs/eakdistribution-senior-amazon-brand-manager
United States
https://weworkremotely.com/remote-jobs/church-software-phone-sales-rep
Remote
https://weworkremotely.com/remote-jobs/linkby-partnerships-growth-executive-sales
New York, New York
https://weworkremotely.com/remote-jobs/numeral-senior-fintech-writer
Los Angeles
https://weworkremotely.com/remote-jobs/iapwe-freelance-writer-10
New York, United States
https://weworkremotely.com/remote-jobs/pr-volt-sales-growth-lead-100-remote-1
Santa Monica, CA
https://weworkremotely.com/remote-jobs/offer-heroes-appointment-generator
Los Angeles
https://weworkremotely.com/remote-jobs/lucyd-media-paid-social-growth-strategist
West Palm Beach
https://weworkremotely.com/remote-jobs/heal-me-account-executive
Austin, TX
https://weworkremotely.com/remote-jobs/speakeasy-authority-marketing-inc-sales-development-rep-sdr
Austin, TX
https://weworkremotely.com/remote-jobs/eden-tours-and-travel-ltd-sales-and-marketing-manager-international-outreach
ZANZIBAR, TANZNIA
https://weworkremotely.com/remote-jobs/eg-publishing-remote-advertising-sales-rep
Phoenix AZ
https://weworkremotely.com/remote-jobs/toggl-content-manager
Tallinn, Estonia
https://weworkremotely.com/remote-jobs/coaching-com-senior-account-executive
None
https://weworkremotely.com/remote-jobs/galactic-fed-business-development-manager-for-digital-marketing-services
Chicago
https://weworkremotely.com/remote-jobs/group-8a-paid-social-freelancer
New York, NY USA
https://weworkremotely.com/remote-jobs/gs-studios-scialla-tiktok-growth-manager
Basel
https://weworkremotely.com/remote-jobs/datacentric-staffing-tech-ghostwriter-crafting-exceptional-content-for-data-science-it
United States
https://weworkremotely.com/remote-jobs/copy-sharks-sales-specialist-high-ticket-closer
Remote
https://weworkremotely.com/remote-jobs/covariant-ai-enterprise-sales-account-director
Emeryville, CA
https://weworkremotely.com/remote-jobs/litcharts-freelance-writer-literature-guides-1
New Jersey
https://weworkremotely.com/remote-jobs/teambuilding-com-client-advisor-sales-remote
Nevada, USA
https://weworkremotely.com/remote-jobs/neevista-business-development-manager
Melbourne
https://weworkremotely.com/remote-jobs/new
56
https://weworkremotely.com/remote-jobs/search
https://weworkremotely.com/remote-jobs/new
https://weworkremotely.com/remote-jobs/new
https://weworkremotely.com/remote-jobs/search
https://weworkremotely.com/remote-jobs/new
https://weworkremotely.com/remote-jobs/toggl-chief-product-officer
Tallin
https://weworkremotely.com/remote-jobs/onthegosystems-senior-php-developer
100% remote
https://weworkremotely.com/remote-jobs/talentgenius-engineering-team-lead
Austin, TX
https://weworkremotely.com/remote-jobs/cere-network-lead-software-engineer
San Francisco, CA
https://weworkremotely.com/remote-jobs/onthegosystems-content-marketer-for-a-developer-tool
100% remote
https://weworkremotely.com/remote-jobs/g2i-inc-backend-go-developer-remote
Delray Beach, FL
https://weworkremotely.com/remote-jobs/localize-technical-product-manager-b2b-saas-1
United States (Remote)
https://weworkremotely.com/remote-jobs/archesys-inc-cloud-devops-engineer
Baltimore MD
https://weworkremotely.com/remote-jobs/appsignal-product-developer-react-medior-senior-cest-timezone
The Netherlands
https://weworkremotely.com/remote-jobs/yoko-co-business-development-assistant
McLean, VA
https://weworkremotely.com/remote-jobs/hygraph-solution-architect-f-m-d-remote-eastern-time-zone
Dircksenstraﬂe 47, 10178 Berlin, Germany
https://weworkremotely.com/remote-jobs/proxify-ab-senior-machine-learning-engineer
Sweden
https://weworkremotely.com/remote-jobs/remotemore-full-stack-javascript-developer-react-node-js-typescript
Berlin/Chicago
https://weworkremotely.com/remote-jobs/spline-graphics-engineer
Distributed
https://weworkremotely.com/remote-jobs/spline-senior-ui-engineer
Distributed
https://weworkremotely.com/remote-jobs/spline-ml-engineer-1
Distributed
https://weworkremotely.com/remote-jobs/opencraft-senior-open-source-developer-devops-python-django-react-aws-openstack
Fully remote company (worldwide, incorporated in Berlin)
https://weworkremotely.com/remote-jobs/youcanbook-me-customer-success-manager-remote-usa-only
Bedford, United Kingdom
https://weworkremotely.com/remote-jobs/tiller-experienced-software-engineer-backend
Seattle, WA
https://weworkremotely.com/remote-jobs/intuit-credentialed-tax-expert-bilingual-spanish
Mountain View, CA
https://weworkremotely.com/remote-jobs/intuit-tax-associate-work-from-home-2
Mountain View, CA
https://weworkremotely.com/remote-jobs/intuit-tax-expert-cpa-or-ea-work-from-home-2
Mountain View, CA
https://weworkremotely.com/remote-jobs/ttt246-llc-lead-android-or-and-iphone-engineer
puerto rico
https://weworkremotely.com/remote-jobs/close-senior-revenue-operations-analyst
USA
https://weworkremotely.com/remote-jobs/realiste-senior-sales-manager-financial-product
Dubai
https://weworkremotely.com/remote-jobs/vidalytics-account-manager-for-saas
USA
https://weworkremotely.com/remote-jobs/remotasks-software-engineer-ai-training-remote-work-india
USA
https://weworkremotely.com/remote-jobs/close-senior-staff-software-engineer-backend-python-usa-100-remote
USA
https://weworkremotely.com/remote-jobs/toggl-product-designer-3
Tallin
https://weworkremotely.com/remote-jobs/tbd-rails-7-turbo-javascript-pro-we-operate-our-business-similarly-to-37-signals
Wellington, New Zealand
https://weworkremotely.com/remote-jobs/fathom-staff-software-engineer-full-stack
Remote
https://weworkremotely.com/remote-jobs/tutor-job-conversation-practice-partner-native-english-speaker-1
Dubai
https://weworkremotely.com/remote-jobs/hygraph-head-of-product-marketing-f-m-d-remote-emea
Dircksenstraﬂe 47, 10178 Berlin, Germany
https://weworkremotely.com/remote-jobs/hygraph-senior-product-marketing-manager-f-m-d-remote-emea-1
Dircksenstraﬂe 47, 10178 Berlin, Germany
https://weworkremotely.com/remote-jobs/lemon-io-senior-full-stack-python-developer
Kyiv, Ukraine
https://weworkremotely.com/remote-jobs/sticker-mule-x-api-engineer
Amsterdam, NY
https://weworkremotely.com/remote-jobs/clouddevs-react-node-fullstack-developer
San Francisco
https://weworkremotely.com/remote-jobs/quickmail-senior-ruby-on-rails-usd-80-120k
Europe
https://weworkremotely.com/remote-jobs/socialhub-sales-development-representative-saas-m-w-d-german-speaking
Sch¸tterlettenweg 4, 85053 Ingolstadt, Deutschland
https://weworkremotely.com/remote-jobs/toggl-senior-backend-engineer-1
Tallin
https://weworkremotely.com/remote-jobs/textmagic-senior-back-end-developer-php-symfony-postgresql-1
Estonia
https://weworkremotely.com/remote-jobs/contra-senior-site-reliability-engineer
San Francisco, CA
https://weworkremotely.com/remote-jobs/bbe-marketing-inc-partnership-manager-9
Hurst, TX
https://weworkremotely.com/remote-jobs/sportybet-eu-frontend-developer
London
https://weworkremotely.com/remote-jobs/sportybet-eu-automation-qa
London
https://weworkremotely.com/remote-jobs/flag-theory-junior-accounting-with-international-experience-full-time
Remote
https://weworkremotely.com/remote-jobs/million-dollar-dads-operations-manager
Austin TX
https://weworkremotely.com/remote-jobs/eakdistribution-senior-amazon-brand-manager
United States
https://weworkremotely.com/remote-jobs/pr-volt-public-relations-customer-success-lead
Santa Monica, CA
https://weworkremotely.com/remote-jobs/support-adventure-remote-it-helpdesk-technician-level-2-to-level-3-engineers
London, UK
https://weworkremotely.com/remote-jobs/new
31
https://weworkremotely.com/remote-jobs/search
https://weworkremotely.com/remote-jobs/new
https://weworkremotely.com/remote-jobs/new2023-09-26 18:58:34,911 - WARNING - The chromedriver version (116.0.5845.96) detected in PATH at C:\Program Files\Google\Chrome\Application\chromedriver.exe might not be compatible with the detected chrome version (117.0.5938.92); currently, chromedriver 117.0.5938.92 is recommended for chrome 117.*, so it is advised to delete the driver in PATH and retry
2023-09-26 18:58:37,122 - WARNING - The chromedriver version (116.0.5845.96) detected in PATH at C:\Program Files\Google\Chrome\Application\chromedriver.exe might not be compatible with the detected chrome version (117.0.5938.92); currently, chromedriver 117.0.5938.92 is recommended for chrome 117.*, so it is advised to delete the driver in PATH and retry
2023-09-26 19:06:37,443 - INFO -  * Running on http://127.0.0.1:5000/ (Press CTRL+C to quit)
2023-09-26 19:07:25,238 - INFO - 127.0.0.1 - - [26/Sep/2023 19:07:25] "[37mGET / HTTP/1.1[0m" 200 -
2023-09-26 19:07:36,842 - WARNING - The chromedriver version (116.0.5845.96) detected in PATH at C:\Program Files\Google\Chrome\Application\chromedriver.exe might not be compatible with the detected chrome version (117.0.5938.92); currently, chromedriver 117.0.5938.92 is recommended for chrome 117.*, so it is advised to delete the driver in PATH and retry
Working
AllSites
inside All site
2
https://www.foundit.in/srp/results?sort=1&limit=15&query=Data+Analyst&locations=India&queryDerived=true&jobFreshness=30&searchId=5e60c383-3423-4de7-ac91-83cd6416e980
****
15
0
***************
***************
2
1
***************
***************
2
2
***************
***************
2
3
***************
***************
2
4
***************
***************
2
5
***************
***************
2
6
***************
***************
7
***************
***************
2
8
***************
***************
2
9
***************
***************
2
10
***************
***************
2
11
***************
***************
2
12
***************
***************
3
13
***************
***************
2
14
***************
***************
2
3
https://www.foundit.in/srp/results?start=15&sort=1&limit=15&query=Data%20Analyst&locations=India&queryDerived=true&jobFreshness=30
****
15
0
***************
***************
2
1
***************
***************
1
2
***************
***************
2
3
***************
***************
2
4
***************
***************
2
5
***************
***************
2
6
***************
***************
7
***************
***************
2
8
***************
***************
2
9
***************
***************
2
10
***************
***************
2
11
***************
***************
2
12
***************
***************
3
13
***************
***************
2
14
***************
***************
2
4
https://www.foundit.in/srp/results?start=30&sort=1&limit=15&query=Data+Analyst&locations=India&queryDerived=true&jobFreshness=30&searchId=cc489f62-1bdc-4754-87c7-278c72ea4bbf
****
15
0
***************
***************
2
1
***************
***************
2
2
***************
***************
2
3
***************
***************
2
4
***************
***************
2
5
***************
***************
2
6
***************
***************
7
***************
***************
2
8
***************
***************
2
9
***************
***************
2
10
***************
***************
2
11
***************
***************
2
12
***************
***************
2
13
***************
***************
2
14
***************
***************
2
5
https://www.foundit.in/srp/results?start=45&sort=1&limit=15&query=Data+Analyst&locations=India&queryDerived=true&jobFreshness=30&searchId=cc489f62-1bdc-4754-87c7-278c72ea4bbf
****
15
0
***************
***************
2
1
***************
***************
2
2
***************
***************
2
3
***************
***************
2
4
***************
***************
2
5
***************
***************
2
6
***************
***************
7
***************
***************
2
8
***************
***************
2
9
***************
***************
2
10
***************
***************
2
11
***************
***************
2
12
***************
***************
2
13
***************
***************
2
14
***************
***************
2
6
https://www.foundit.in/srp/results?start=60&sort=1&limit=15&query=Data+Analyst&locations=India&queryDerived=true&jobFreshness=30&searchId=cc489f62-1bdc-4754-87c7-278c72ea4bbf
****
15
0
***************
***************
2
1
***************
***************
2
2
***************
***************
2
3
***************
***************
2
4
***************
***************
2
5
***************
***************
2
6
***************
***************
7
***************
***************
2
8
***************
***************
2
9
***************
***************
2
10
***************
***************
2
11
***************
***************
2
12
***************
***************
2
13
***************
***************
2
14
***************
***************
2
7
https://www.foundit.in/srp/results?start=75&sort=1&limit=15&query=Data+Analyst&locations=India&queryDerived=true&jobFreshness=30&searchId=cc489f62-1bdc-4754-87c7-278c72ea4bbf
****
15
0
***************
***************
2
1
***************
***************
2
2
***************
***************
2
3
***************
***************
2
4
***************
***************
2
5
***************
***************
2
6
***************
***************
7
***************
***************
2
8
***************
***************
2
9
***************
***************
2
10
***************
***************
2
11
***************
***************
2
12
***************
***************
2
13
***************
***************
2
14
***************
***************
2
8
https://www.foundit.in/srp/results?start=90&sort=1&limit=15&query=Data+Analyst&locations=India&queryDerived=true&jobFreshness=30&searchId=cc489f62-1bdc-4754-87c7-278c72ea4bbf
****
15
0
***************
***************
2
1
***************
***************
2
2
***************
***************
2
3
***************
***************
2
4
***************
***************
2
5
***************
***************
2
6
***************
***************
7
***************
***************
2
8
***************
***************
2
9
***************
***************
2
10
***************
***************
2
11
***************
***************
2
12
***************
***************
2
13
***************
***************
2
14
***************
***************
2
9
https://www.foundit.in/srp/results?start=105&sort=1&limit=15&query=Data+Analyst&locations=India&queryDerived=true&jobFreshness=30&searchId=cc489f62-1bdc-4754-87c7-278c72ea4bbf
****
15
0
***************
***************
2
1
***************
***************
2
2
***************
***************
2
3
***************
***************
2
4
***************
***************
2
5
***************
***************
2
6
***************
***************
7
***************
***************
2
8
***************
***************
2
9
***************
***************
2
10
***************
***************
2
11
***************
***************
2
12
***************
***************
2
13
***************
***************
2
14
***************
***************
2
10
https://www.foundit.in/srp/results?start=120&sort=1&limit=15&query=Data+Analyst&locations=India&queryDerived=true&jobFreshness=30&searchId=cc489f62-1bdc-4754-87c7-278c72ea4bbf
****
15
0
***************
***************
2
1
***************
***************
2
2
***************
***************
2
3
***************
***************
2
4
***************
***************
2
5
***************
***************
2
6
***************
***************
7
***************
***************
2
8
***************
***************
2
9
***************
***************
2
10
***************
***************
2
11
***************
***************
2
12
***************
***************
2
13
***************
***************
2
14
***************
***************
2
11
https://www.foundit.in/srp/results?start=135&sort=1&limit=15&query=Data+Analyst&locations=India&queryDerived=true&jobFreshness=30&searchId=cc489f62-1bdc-4754-87c7-278c72ea4bbf
****
15
0
***************
***************
2
1
***************
***************
2
2
***************
***************
2
3
***************
***************
2
4
***************
***************
2
5
***************
***************
2
6
***************
***************
7
***************
***************
2
8
***************
***************
2
9
***************
***************
2
10
***************
***************
2
11
***************
***************
2
12
***************
***************
2
13
***************
***************
2
14
***************
***************
2
12
https://www.foundit.in/srp/results?start=150&sort=1&limit=15&query=Data+Analyst&locations=India&queryDerived=true&jobFreshness=30&searchId=cc489f62-1bdc-4754-87c7-278c72ea4bbf
****
15
0
***************
***************
2
1
***************
***************
2
2
***************
***************2023-09-26 20:20:40,106 - WARNING - The chromedriver version (116.0.5845.96) detected in PATH at C:\Program Files\Google\Chrome\Application\chromedriver.exe might not be compatible with the detected chrome version (117.0.5938.92); currently, chromedriver 117.0.5938.92 is recommended for chrome 117.*, so it is advised to delete the driver in PATH and retry

2
3
***************
***************
2
4
***************
***************
2
5
***************
***************
2
6
***************
***************
7
***************
***************
2
8
***************
***************
2
9
***************
***************
2
10
***************
***************
2
11
***************
***************
2
12
***************
***************
2
13
***************
***************
2
14
***************
***************
2
13
https://www.foundit.in/srp/results?start=165&sort=1&limit=15&query=Data+Analyst&locations=India&queryDerived=true&jobFreshness=30&searchId=cc489f62-1bdc-4754-87c7-278c72ea4bbf
****
15
0
***************
***************
2
1
***************
***************
2
2
***************
***************
2
3
***************
***************
2
4
***************
***************
2
5
***************
***************
2
6
***************
***************
7
***************
***************
2
8
***************
***************
2
9
***************
***************
2
10
***************
***************
2
11
***************
***************
2
12
***************
***************
2
13
***************
***************
2
14
***************
***************
2
14
https://www.foundit.in/srp/results?start=180&sort=1&limit=15&query=Data+Analyst&locations=India&queryDerived=true&jobFreshness=30&searchId=cc489f62-1bdc-4754-87c7-278c72ea4bbf
****
15
0
***************
***************
2
1
***************
***************
2
2
***************
***************
2
3
***************
***************
2
4
***************
***************
2
5
***************
***************
2
6
***************
***************
7
***************
***************
2
8
***************
***************
2
9
***************
***************
2
10
***************
***************
2
11
***************
***************
2
12
***************
***************
2
13
***************
***************
2
14
***************
***************
2
15
https://www.foundit.in/srp/results?start=195&sort=1&limit=15&query=Data+Analyst&locations=India&queryDerived=true&jobFreshness=30&searchId=cc489f62-1bdc-4754-87c7-278c72ea4bbf
****
15
0
***************
***************
2
1
***************
***************
2
2
***************
***************
2
3
***************
***************
2
4
***************
***************
2
5
***************
***************
2
6
***************
***************
7
***************
***************
2
8
***************
***************
2
9
***************
***************
2
10
***************
***************
2
11
***************
***************
2
12
***************
***************
2
13
***************
***************
2
14
***************
***************
2
16
https://www.foundit.in/srp/results?start=210&sort=1&limit=15&query=Data+Analyst&locations=India&queryDerived=true&jobFreshness=30&searchId=cc489f62-1bdc-4754-87c7-278c72ea4bbf
****
15
0
***************
***************
2
1
***************
***************
2
2
***************
***************
2
3
***************
***************
2
4
***************
***************
2
5
***************
***************
2
6
***************
***************
7
***************
***************
2
8
***************
***************
2
9
***************
***************
2
10
***************
***************
2
11
***************
***************
2
12
***************
***************
2
13
***************
***************
1
14
***************
***************
1
17
18
19
20
21
22
23
24
25
26
27
28
29
30
31
32
33
34
35
36
37
38
39
40
41
42
43
44
45
46
47
48
49
50
51
52
53
54
55
56
57
58
59
60
61
62
63
64
65
66
67
68
69
70
71
72
73
74
75
76
77
78
79
80
81
82
83
84
42
https://weworkremotely.com/remote-jobs/search
https://weworkremotely.com/remote-jobs/new
https://weworkremotely.com/remote-jobs/new
https://weworkremotely.com/remote-jobs/search
https://weworkremotely.com/remote-jobs/new
https://weworkremotely.com/remote-jobs/talentgenius-engineering-team-lead
Austin, TX
https://weworkremotely.com/remote-jobs/cere-network-lead-software-engineer
San Francisco, CA
https://weworkremotely.com/remote-jobs/appsignal-product-developer-react-medior-senior-cest-timezone
The Netherlands
https://weworkremotely.com/remote-jobs/remotemore-full-stack-javascript-developer-react-node-js-typescript
Berlin/Chicago
https://weworkremotely.com/remote-jobs/opencraft-senior-open-source-developer-devops-python-django-react-aws-openstack
Fully remote company (worldwide, incorporated in Berlin)
https://weworkremotely.com/remote-jobs/ttt246-llc-lead-android-or-and-iphone-engineer
puerto rico
https://weworkremotely.com/remote-jobs/remotasks-software-engineer-ai-training-remote-work-india
USA
https://weworkremotely.com/remote-jobs/tbd-rails-7-turbo-javascript-pro-we-operate-our-business-similarly-to-37-signals
Wellington, New Zealand
https://weworkremotely.com/remote-jobs/remotasks-software-engineer-ai-training-remote-work-ar-mx
USA
https://weworkremotely.com/remote-jobs/fathom-staff-software-engineer-full-stack
Remote
https://weworkremotely.com/remote-jobs/remotasks-software-engineer-ai-training-remote-work-us
USA
https://weworkremotely.com/remote-jobs/lemon-io-senior-full-stack-python-developer
Kyiv, Ukraine
https://weworkremotely.com/remote-jobs/sticker-mule-x-api-engineer
Amsterdam, NY
https://weworkremotely.com/remote-jobs/clouddevs-react-node-fullstack-developer
San Francisco
https://weworkremotely.com/remote-jobs/folks-freelance-react-developer
California
https://weworkremotely.com/remote-jobs/appy-ventures-full-stack-developer
Farnham
https://weworkremotely.com/remote-jobs/institute-of-om-rails-lead-engineer-for-amazing-education-community-platform
Santa Rosa, CA
https://weworkremotely.com/remote-jobs/openfn-remote-principal-elixir-engineer-eu-africa-timezones
New York, United States
https://weworkremotely.com/remote-jobs/xm-senior-java-developers-cyprus-greece-or-remote
Cyprus
https://weworkremotely.com/remote-jobs/prefix-senior-full-stack-software-engineer
New York, NY
https://weworkremotely.com/remote-jobs/amazee-io-business-software-engineer
Zurich, Switzerland
https://weworkremotely.com/remote-jobs/a-team-senior-independent-software-developer-110-190-hr
NYC, SF, and TLV
https://weworkremotely.com/remote-jobs/rebelcode-ltd-full-stack-wordpress-developer
Malta
https://weworkremotely.com/remote-jobs/timezest-engineering-lead
Remote
https://weworkremotely.com/remote-jobs/piton-labs-senior-software-engineer-2
New York
https://weworkremotely.com/remote-jobs/contra-freelance-plasmic-app-at-grapheec
San Francisco, CA
https://weworkremotely.com/remote-jobs/bbe-marketing-inc-lead-full-stack-php-developer-2
Hurst, TX
https://weworkremotely.com/remote-jobs/sourcefabric-full-stack-developer-newshub-1
Prague
https://weworkremotely.com/remote-jobs/openplay-full-stack-ruby-engineer
Los Angeles, CA
https://weworkremotely.com/remote-jobs/proteus-digital-lab-llc-shopify-web-developer-for-conversion-rate-optimization-cro-testing
Colorado
https://weworkremotely.com/remote-jobs/entermotion-senior-full-stack-php-developer
United States
https://weworkremotely.com/remote-jobs/stacker-full-stack-engineer-remote-europe
London, UK
https://weworkremotely.com/remote-jobs/power-diary-net-software-engineer
Australia
https://weworkremotely.com/remote-jobs/overmind-blockchain-developer
Singapore
https://weworkremotely.com/remote-jobs/allovue-senior-elixir-developer
Baltimore, MD
https://weworkremotely.com/remote-jobs/proxify-ab-senior-react-native-developer-long-term-job-100-remote
Sweden
https://weworkremotely.com/remote-jobs/new
21
https://weworkremotely.com/remote-jobs/search
https://weworkremotely.com/remote-jobs/new
https://weworkremotely.com/remote-jobs/new
https://weworkremotely.com/remote-jobs/search
https://weworkremotely.com/remote-jobs/new
https://weworkremotely.com/remote-jobs/spline-graphics-engineer
Distributed
https://weworkremotely.com/remote-jobs/spline-senior-ui-engineer
Distributed
https://weworkremotely.com/remote-jobs/spline-ml-engineer-1
Distributed
https://weworkremotely.com/remote-jobs/sportybet-eu-frontend-developer
London
https://weworkremotely.com/remote-jobs/appy-ventures-flutter-or-react-native-developer
Farnham
https://weworkremotely.com/remote-jobs/eino-founding-software-engineer
New York, USA
https://weworkremotely.com/remote-jobs/proxify-ab-senior-next-js-developer-long-term-100-remote
Sweden
https://weworkremotely.com/remote-jobs/openfn-remote-senior-js-typescript-engineer-eu-africa-timezones
New York, United States
https://weworkremotely.com/remote-jobs/proxify-ab-senior-vue-js-developer
Sweden
https://weworkremotely.com/remote-jobs/engagedmd-senior-frontend-engineer
Washington, DC
https://weworkremotely.com/remote-jobs/stealth-frontend-engineer-at-stealth-crypto-startup
USA
https://weworkremotely.com/remote-jobs/tempmee-react-developer
Miami, FL, United States
https://weworkremotely.com/remote-jobs/orderez-frontend-engineer
Singapore
https://weworkremotely.com/remote-jobs/digismoothie-s-r-o-shopify-developer
Czech Republic
https://weworkremotely.com/remote-jobs/inspirehq-front-end-tailwind-css-developer-designer
None
https://weworkremotely.com/remote-jobs/new
26
https://weworkremotely.com/remote-jobs/search
https://weworkremotely.com/remote-jobs/new
https://weworkremotely.com/remote-jobs/new
https://weworkremotely.com/remote-jobs/search
https://weworkremotely.com/remote-jobs/new
https://weworkremotely.com/remote-jobs/proxify-ab-senior-unreal-engine-cpp-developer
Sweden
https://weworkremotely.com/remote-jobs/onthegosystems-senior-php-developer
100% remote
https://weworkremotely.com/remote-jobs/g2i-inc-backend-go-developer-remote
Delray Beach, FL
https://weworkremotely.com/remote-jobs/tiller-experienced-software-engineer-backend
Seattle, WA
https://weworkremotely.com/remote-jobs/close-senior-staff-software-engineer-backend-python-usa-100-remote
USA
https://weworkremotely.com/remote-jobs/quickmail-senior-ruby-on-rails-usd-80-120k
Europe
https://weworkremotely.com/remote-jobs/toggl-senior-backend-engineer-1
Tallin
https://weworkremotely.com/remote-jobs/textmagic-senior-back-end-developer-php-symfony-postgresql-1
Estonia
https://weworkremotely.com/remote-jobs/sportybet-eu-automation-qa
London
https://weworkremotely.com/remote-jobs/the-explanation-company-software-engineer-rails-backend
Remote
https://weworkremotely.com/remote-jobs/tactiq-tech-lead-backend-engineer
Richmond, VA
https://weworkremotely.com/remote-jobs/sticker-mule-site-reliability-engineer-1
New York, NY
https://weworkremotely.com/remote-jobs/syncwith-senior-backend-engineer-small-team-building-integrations-typescript-node
Victoria, BC, Canada
https://weworkremotely.com/remote-jobs/zero44-gmbh-senior-backend-ruby-engineer-2
Berlin, Germany
https://weworkremotely.com/remote-jobs/access-genie-staff-software-engineer-tech-lead-python
Lakewood, New Jersey, United States
https://weworkremotely.com/remote-jobs/xm-modern-cpp-software-developer-remote-2
Cyprus
https://weworkremotely.com/remote-jobs/xm-senior-php-web-developers-cyprus-greece-or-remote-2
Cyprus, Greece or Remote
https://weworkremotely.com/remote-jobs/proxify-ab-senior-django-developer
Sweden
https://weworkremotely.com/remote-jobs/proxify-ab-senior-laravel-developer-long-term-job-100-remote
Sweden
https://weworkremotely.com/remote-jobs/proxify-ab-senior-ruby-on-rails-developer-fully-remote
Sweden
https://weworkremotely.com/remote-jobs/new
20
https://weworkremotely.com/remote-jobs/search
https://weworkremotely.com/remote-jobs/new
https://weworkremotely.com/remote-jobs/new
https://weworkremotely.com/remote-jobs/search
https://weworkremotely.com/remote-jobs/new
https://weworkremotely.com/remote-jobs/owner-com-youtube-video-script-writer-contract
None
https://weworkremotely.com/remote-jobs/toggl-product-designer-3
Tallin
https://weworkremotely.com/remote-jobs/subscript-contract-product-designer
USA
https://weworkremotely.com/remote-jobs/owner-com-youtube-video-editor-contract
None
https://weworkremotely.com/remote-jobs/mailerlite-product-designer-2
USA
https://weworkremotely.com/remote-jobs/contra-freelance-website-designs-at-dna
San Francisco, CA
https://weworkremotely.com/remote-jobs/contra-freelance-graphic-design-implementation-at-body-catatlyst
San Francisco, CA
https://weworkremotely.com/remote-jobs/athlete-training-short-form-video-editor
Melbourne, AUS
https://weworkremotely.com/remote-jobs/orderez-ux-ui-designer
Singapore
https://weworkremotely.com/remote-jobs/leadsimple-inc-senior-product-designer
Washington State, U.S.A.
https://weworkremotely.com/remote-jobs/contra-senior-graphic-designer-at-radial-path
San Francisco, CA
https://weworkremotely.com/remote-jobs/a-team-senior-independent-ux-ui-designer-110-190-hr
NYC, SF, and TLV
https://weworkremotely.com/remote-jobs/contra-freelance-graphic-design-and-print-design-for-jewelry-marketing-materials-at-shivam-imports
San Francisco, CA
https://weworkremotely.com/remote-jobs/contra-freelance-protopie-website-prototype-at-sauce-studio
San Francisco, CA
https://weworkremotely.com/remote-jobs/new
13
https://weworkremotely.com/remote-jobs/search
https://weworkremotely.com/remote-jobs/new
https://weworkremotely.com/remote-jobs/new
https://weworkremotely.com/remote-jobs/search
https://weworkremotely.com/remote-jobs/new
https://weworkremotely.com/remote-jobs/archesys-inc-cloud-devops-engineer
Baltimore MD
https://weworkremotely.com/remote-jobs/contra-senior-site-reliability-engineer
San Francisco, CA
https://weworkremotely.com/remote-jobs/fearless-technical-lead
Baltimore, Maryland
https://weworkremotely.com/remote-jobs/marialdn-webmaster-website-administration-devops-wordpress
MariaLDN
https://weworkremotely.com/remote-jobs/creative-force-junior-devops-jedi
Creative Force
https://weworkremotely.com/remote-jobs/structure-software-platform-engineer-c
Boulder, Colorado
https://weworkremotely.com/remote-jobs/proxify-ab-senior-devops-engineer
Sweden
https://weworkremotely.com/remote-jobs/new
17
https://weworkremotely.com/remote-jobs/search
https://weworkremotely.com/remote-jobs/new
https://weworkremotely.com/remote-jobs/new
https://weworkremotely.com/remote-jobs/search
https://weworkremotely.com/remote-jobs/new
https://weworkremotely.com/remote-jobs/the-natural-adventure-financial-assistant-1
London, England, United Kingdom
https://weworkremotely.com/remote-jobs/intuit-credentialed-tax-expert-bilingual-spanish
Mountain View, CA
https://weworkremotely.com/remote-jobs/intuit-tax-associate-work-from-home-2
Mountain View, CA
https://weworkremotely.com/remote-jobs/intuit-tax-expert-cpa-or-ea-work-from-home-2
Mountain View, CA
https://weworkremotely.com/remote-jobs/close-senior-revenue-operations-analyst
USA
https://weworkremotely.com/remote-jobs/flag-theory-junior-accounting-with-international-experience-full-time
Remote
https://weworkremotely.com/remote-jobs/rapidseedbox-ltd-web-development-manager-1
100% Remote
https://weworkremotely.com/remote-jobs/new-law-business-model-marketing-automation-saas-services-line-of-business-owner
Boulder, CO
https://weworkremotely.com/remote-jobs/nagarro-digital-ventures-senior-digital-project-manager
Website
None
https://weworkremotely.com/remote-jobs/64-robots-remote-project-manager-1
Baltimore, MD
https://weworkremotely.com/remote-jobs/spark-shipping-manager-of-customer-support-success
Boston, Massachusetts, United States
https://weworkremotely.com/remote-jobs/new
15
https://weworkremotely.com/remote-jobs/search
https://weworkremotely.com/remote-jobs/new
https://weworkremotely.com/remote-jobs/new
https://weworkremotely.com/remote-jobs/search
https://weworkremotely.com/remote-jobs/new
https://weworkremotely.com/remote-jobs/toggl-chief-product-officer
Tallin
https://weworkremotely.com/remote-jobs/localize-technical-product-manager-b2b-saas-1
United States (Remote)
https://weworkremotely.com/remote-jobs/govassist-llc-product-owner-schengen-visa
US
https://weworkremotely.com/remote-jobs/asssembly-four-lead-product-designer
Melbourne, Austrlia
https://weworkremotely.com/remote-jobs/toggl-product-manager-3
Tallinn, Estonia
https://weworkremotely.com/remote-jobs/vaan-e-commerce-product-owner
New York, NY
https://weworkremotely.com/remote-jobs/a-team-senior-independent-product-manager-product-designer-110-190-hr
NYC, SF, and TLV
https://weworkremotely.com/remote-jobs/leadsimple-inc-product-manager
Washington State, U.S.A.
https://weworkremotely.com/remote-jobs/contra-product-marketing-manager-1
San Francisco, CA
https://weworkremotely.com/remote-jobs/new
21
https://weworkremotely.com/remote-jobs/search
https://weworkremotely.com/remote-jobs/new
https://weworkremotely.com/remote-jobs/new
https://weworkremotely.com/remote-jobs/search
https://weworkremotely.com/remote-jobs/new
https://weworkremotely.com/remote-jobs/youcanbook-me-customer-success-manager-remote-usa-only
Bedford, United Kingdom
https://weworkremotely.com/remote-jobs/omni-interactions-remote-customer-service-work-from-home-select-your-schedule
Colorado
https://weworkremotely.com/remote-jobs/pr-volt-public-relations-customer-success-lead
Santa Monica, CA
https://weworkremotely.com/remote-jobs/support-adventure-remote-it-helpdesk-technician-level-2-to-level-3-engineers
London, UK
https://weworkremotely.com/remote-jobs/files-com-customer-support-engineer-2
Scottsdale, AZ
https://weworkremotely.com/remote-jobs/neighborhood-hosts-inc-guest-services-agent-1
NYC
https://weworkremotely.com/remote-jobs/govassist-llc-customer-service-representative-10
US
https://weworkremotely.com/remote-jobs/vidalytics-customer-happiness-lead-saas-tech-support
USA
https://weworkremotely.com/remote-jobs/ziprent-relations-manager-property-management
California
https://weworkremotely.com/remote-jobs/porkbun-technical-support-representative-3
Oregon
https://weworkremotely.com/remote-jobs/flight-cx-customer-support-representative-1
California
https://weworkremotely.com/remote-jobs/fragrancex-com-customer-service-associate-ft-remote
FragranceX.com
https://weworkremotely.com/remote-jobs/loganix-account-manager-seo-1
Seattle, WA
https://weworkremotely.com/remote-jobs/trifecta-retail-ventures-customer-happiness-advocate-remote-canada-1
Helsinki, Finland
https://weworkremotely.com/remote-jobs/leadsimple-inc-customer-support-rep-1
Washington State, U.S.A.
https://weworkremotely.com/remote-jobs/new
42
https://weworkremotely.com/remote-jobs/search
https://weworkremotely.com/remote-jobs/new
https://weworkremotely.com/remote-jobs/new
https://weworkremotely.com/remote-jobs/search
https://weworkremotely.com/remote-jobs/new
https://weworkremotely.com/remote-jobs/onthegosystems-content-marketer-for-a-developer-tool
100% remote
https://weworkremotely.com/remote-jobs/shoutvox-freelance-writer
New York, NY
https://weworkremotely.com/remote-jobs/yoko-co-business-development-assistant
McLean, VA
https://weworkremotely.com/remote-jobs/used-conex-llc-high-commission-sales-agent-chat-only
Tampa, FL
https://weworkremotely.com/remote-jobs/realiste-senior-sales-manager-financial-product
Dubai
https://weworkremotely.com/remote-jobs/vidalytics-account-manager-for-saas
USA
https://weworkremotely.com/remote-jobs/usedconex-com-remote-sales-chat-representative-2
Tampa, Florida
https://weworkremotely.com/remote-jobs/hygraph-head-of-product-marketing-f-m-d-remote-emea
Dircksenstraﬂe 47, 10178 Berlin, Germany
https://weworkremotely.com/remote-jobs/hygraph-senior-product-marketing-manager-f-m-d-remote-emea-1
Dircksenstraﬂe 47, 10178 Berlin, Germany
https://weworkremotely.com/remote-jobs/tabl-service-llc-sales-representative
Dover Plains, NY
https://weworkremotely.com/remote-jobs/socialhub-sales-development-representative-saas-m-w-d-german-speaking
Sch¸tterlettenweg 4, 85053 Ingolstadt, Deutschland
https://weworkremotely.com/remote-jobs/bbe-marketing-inc-partnership-manager-9
Hurst, TX
https://weworkremotely.com/remote-jobs/million-dollar-dads-operations-manager
Austin TX
https://weworkremotely.com/remote-jobs/eakdistribution-senior-amazon-brand-manager
United States
https://weworkremotely.com/remote-jobs/church-software-phone-sales-rep
Remote
https://weworkremotely.com/remote-jobs/linkby-partnerships-growth-executive-sales
New York, New York
https://weworkremotely.com/remote-jobs/numeral-senior-fintech-writer
Los Angeles
https://weworkremotely.com/remote-jobs/iapwe-freelance-writer-10
New York, United States
https://weworkremotely.com/remote-jobs/pr-volt-sales-growth-lead-100-remote-1
Santa Monica, CA
https://weworkremotely.com/remote-jobs/offer-heroes-appointment-generator
Los Angeles
https://weworkremotely.com/remote-jobs/lucyd-media-paid-social-growth-strategist
West Palm Beach
https://weworkremotely.com/remote-jobs/heal-me-account-executive
Austin, TX
https://weworkremotely.com/remote-jobs/speakeasy-authority-marketing-inc-sales-development-rep-sdr
Austin, TX
https://weworkremotely.com/remote-jobs/eden-tours-and-travel-ltd-sales-and-marketing-manager-international-outreach
ZANZIBAR, TANZNIA
https://weworkremotely.com/remote-jobs/eg-publishing-remote-advertising-sales-rep
Phoenix AZ
https://weworkremotely.com/remote-jobs/toggl-content-manager
Tallinn, Estonia
https://weworkremotely.com/remote-jobs/coaching-com-senior-account-executive
None
https://weworkremotely.com/remote-jobs/galactic-fed-business-development-manager-for-digital-marketing-services
Chicago
https://weworkremotely.com/remote-jobs/group-8a-paid-social-freelancer
New York, NY USA
https://weworkremotely.com/remote-jobs/gs-studios-scialla-tiktok-growth-manager
Basel
https://weworkremotely.com/remote-jobs/datacentric-staffing-tech-ghostwriter-crafting-exceptional-content-for-data-science-it
United States
https://weworkremotely.com/remote-jobs/copy-sharks-sales-specialist-high-ticket-closer
Remote
https://weworkremotely.com/remote-jobs/covariant-ai-enterprise-sales-account-director
Emeryville, CA
https://weworkremotely.com/remote-jobs/litcharts-freelance-writer-literature-guides-1
New Jersey
https://weworkremotely.com/remote-jobs/teambuilding-com-client-advisor-sales-remote
Nevada, USA
https://weworkremotely.com/remote-jobs/neevista-business-development-manager
Melbourne
https://weworkremotely.com/remote-jobs/new
56
https://weworkremotely.com/remote-jobs/search
https://weworkremotely.com/remote-jobs/new
https://weworkremotely.com/remote-jobs/new
https://weworkremotely.com/remote-jobs/search
https://weworkremotely.com/remote-jobs/new
https://weworkremotely.com/remote-jobs/proxify-ab-senior-unreal-engine-cpp-developer
Sweden
https://weworkremotely.com/remote-jobs/toggl-chief-product-officer
Tallin
https://weworkremotely.com/remote-jobs/onthegosystems-senior-php-developer
100% remote
https://weworkremotely.com/remote-jobs/talentgenius-engineering-team-lead
Austin, TX
https://weworkremotely.com/remote-jobs/cere-network-lead-software-engineer
San Francisco, CA
https://weworkremotely.com/remote-jobs/onthegosystems-content-marketer-for-a-developer-tool
100% remote
https://weworkremotely.com/remote-jobs/g2i-inc-backend-go-developer-remote
Delray Beach, FL
https://weworkremotely.com/remote-jobs/localize-technical-product-manager-b2b-saas-1
United States (Remote)
https://weworkremotely.com/remote-jobs/archesys-inc-cloud-devops-engineer
Baltimore MD
https://weworkremotely.com/remote-jobs/appsignal-product-developer-react-medior-senior-cest-timezone
The Netherlands
https://weworkremotely.com/remote-jobs/yoko-co-business-development-assistant
McLean, VA
https://weworkremotely.com/remote-jobs/hygraph-solution-architect-f-m-d-remote-eastern-time-zone
Dircksenstraﬂe 47, 10178 Berlin, Germany
https://weworkremotely.com/remote-jobs/proxify-ab-senior-machine-learning-engineer
Sweden
https://weworkremotely.com/remote-jobs/remotemore-full-stack-javascript-developer-react-node-js-typescript
Berlin/Chicago
https://weworkremotely.com/remote-jobs/spline-graphics-engineer
Distributed
https://weworkremotely.com/remote-jobs/spline-senior-ui-engineer
Distributed
https://weworkremotely.com/remote-jobs/spline-ml-engineer-1
Distributed
https://weworkremotely.com/remote-jobs/opencraft-senior-open-source-developer-devops-python-django-react-aws-openstack
Fully remote company (worldwide, incorporated in Berlin)
https://weworkremotely.com/remote-jobs/youcanbook-me-customer-success-manager-remote-usa-only
Bedford, United Kingdom
https://weworkremotely.com/remote-jobs/tiller-experienced-software-engineer-backend
Seattle, WA
https://weworkremotely.com/remote-jobs/intuit-credentialed-tax-expert-bilingual-spanish
Mountain View, CA
https://weworkremotely.com/remote-jobs/intuit-tax-associate-work-from-home-2
Mountain View, CA
https://weworkremotely.com/remote-jobs/intuit-tax-expert-cpa-or-ea-work-from-home-2
Mountain View, CA
https://weworkremotely.com/remote-jobs/ttt246-llc-lead-android-or-and-iphone-engineer
puerto rico
https://weworkremotely.com/remote-jobs/close-senior-revenue-operations-analyst
USA
https://weworkremotely.com/remote-jobs/realiste-senior-sales-manager-financial-product
Dubai
https://weworkremotely.com/remote-jobs/vidalytics-account-manager-for-saas
USA
https://weworkremotely.com/remote-jobs/remotasks-software-engineer-ai-training-remote-work-india
USA
https://weworkremotely.com/remote-jobs/close-senior-staff-software-engineer-backend-python-usa-100-remote
USA
https://weworkremotely.com/remote-jobs/toggl-product-designer-3
Tallin
https://weworkremotely.com/remote-jobs/tbd-rails-7-turbo-javascript-pro-we-operate-our-business-similarly-to-37-signals
Wellington, New Zealand
https://weworkremotely.com/remote-jobs/fathom-staff-software-engineer-full-stack
Remote
https://weworkremotely.com/remote-jobs/tutor-job-conversation-practice-partner-native-english-speaker-1
Dubai
https://weworkremotely.com/remote-jobs/hygraph-head-of-product-marketing-f-m-d-remote-emea
Dircksenstraﬂe 47, 10178 Berlin, Germany
https://weworkremotely.com/remote-jobs/hygraph-senior-product-marketing-manager-f-m-d-remote-emea-1
Dircksenstraﬂe 47, 10178 Berlin, Germany
https://weworkremotely.com/remote-jobs/lemon-io-senior-full-stack-python-developer
Kyiv, Ukraine
https://weworkremotely.com/remote-jobs/sticker-mule-x-api-engineer
Amsterdam, NY
https://weworkremotely.com/remote-jobs/clouddevs-react-node-fullstack-developer
San Francisco
https://weworkremotely.com/remote-jobs/quickmail-senior-ruby-on-rails-usd-80-120k
Europe
https://weworkremotely.com/remote-jobs/socialhub-sales-development-representative-saas-m-w-d-german-speaking
Sch¸tterlettenweg 4, 85053 Ingolstadt, Deutschland
https://weworkremotely.com/remote-jobs/toggl-senior-backend-engineer-1
Tallin
https://weworkremotely.com/remote-jobs/textmagic-senior-back-end-developer-php-symfony-postgresql-1
Estonia
https://weworkremotely.com/remote-jobs/contra-senior-site-reliability-engineer
San Francisco, CA
https://weworkremotely.com/remote-jobs/bbe-marketing-inc-partnership-manager-9
Hurst, TX
https://weworkremotely.com/remote-jobs/sportybet-eu-frontend-developer
London
https://weworkremotely.com/remote-jobs/sportybet-eu-automation-qa
London
https://weworkremotely.com/remote-jobs/flag-theory-junior-accounting-with-international-experience-full-time
Remote
https://weworkremotely.com/remote-jobs/million-dollar-dads-operations-manager
Austin TX
https://weworkremotely.com/remote-jobs/eakdistribution-senior-amazon-brand-manager
United States
https://weworkremotely.com/remote-jobs/pr-volt-public-relations-customer-success-lead
Santa Monica, CA
https://weworkremotely.com/remote-jobs/new
31
https://weworkremotely.com/remote-jobs/search
https://weworkremotely.com/remote-jobs/new
https://weworkremotely.com/remote-jobs/new
https://weworkremotely.com/remote-jobs/search
https://weworkremotely.com/remote-jobs/new
https://weworkremotely.com/remote-jobs/the-natural-adventure-financial-assistant-1
London, England, United Kingdom
https://weworkremotely.com/remote-jobs/shoutvox-freelance-writer
New York, NY
https://weworkremotely.com/remote-jobs/usedconex-com-remote-sales-chat-representative-1
Tampa, FL
https://weworkremotely.com/remote-jobs/used-conex-llc-high-commission-sales-agent-chat-only
Tampa, FL
https://weworkremotely.com/remote-jobs/contra-female-voicerover-artist-english-khaliji-arabic-at-arcab
San Francisco, CA
https://weworkremotely.com/remote-jobs/contra-virtual-assistant-influencer-marketing-at-booty-parlor
San Francisco, CA
https://weworkremotely.com/remote-jobs/owner-com-youtube-video-script-writer-contract
None
https://weworkremotely.com/remote-jobs/data-annotation-freelance-writer
New York
https://weworkremotely.com/remote-jobs/dataannotation-tech-ft-pt-remote-ai-prompt-engineering-evaluation-will-train
New York, NY
https://weworkremotely.com/remote-jobs/omni-interactions-remote-customer-service-work-from-home-select-your-schedule
Colorado
https://weworkremotely.com/remote-jobs/usedconex-com-remote-sales-chat-representative-2
Tampa, Florida
https://weworkremotely.com/remote-jobs/native-camp-online-english-teacher-15
Japan
https://weworkremotely.com/remote-jobs/remotasks-software-engineer-ai-training-remote-work-ar-mx
USA
https://weworkremotely.com/remote-jobs/remotasks-software-engineer-ai-training-remote-work-us
USA
https://weworkremotely.com/remote-jobs/tabl-service-llc-sales-representative
Dover Plains, NY
https://weworkremotely.com/remote-jobs/stone-press-freelance-editor-1
Seattle, WA
https://weworkremotely.com/remote-jobs/govassist-llc-product-owner-schengen-visa
US
https://weworkremotely.com/remote-jobs/draft-dev-technical-writer-developer
USA
https://weworkremotely.com/remote-jobs/subscript-contract-product-designer
USA
https://weworkremotely.com/remote-jobs/folks-freelance-react-developer
California
https://weworkremotely.com/remote-jobs/church-software-phone-sales-rep
Remote
https://weworkremotely.com/remote-jobs/livingston-research-expert-tutor-in-physics-1
San Francisco, CA
https://weworkremotely.com/remote-jobs/eleven-writing-content-marketing-ai-business-writer-remote
Singapore
https://weworkremotely.com/remote-jobs/owner-com-youtube-video-editor-contract
None
https://weworkremotely.com/remote-jobs/iapwe-freelance-writer-10
New York, United States
https://weworkremotely.com/remote-jobs/new
50
https://weworkremotely.com/remote-jobs/search
https://weworkremotely.com/remote-jobs/new
https://weworkremotely.com/remote-jobs/new
https://weworkremotely.com/remote-jobs/search
https://weworkremotely.com/remote-jobs/new
https://weworkremotely.com/remote-jobs/usedconex-com-remote-sales-chat-representative-1
Tampa, FL
https://weworkremotely.com/remote-jobs/hygraph-solution-architect-f-m-d-remote-eastern-time-zone
Dircksenstraﬂe 47, 10178 Berlin, Germany
https://weworkremotely.com/remote-jobs/contra-female-voicerover-artist-english-khaliji-arabic-at-arcab
San Francisco, CA
https://weworkremotely.com/remote-jobs/contra-virtual-assistant-influencer-marketing-at-booty-parlor
San Francisco, CA
https://weworkremotely.com/remote-jobs/proxify-ab-senior-machine-learning-engineer
Sweden
https://weworkremotely.com/remote-jobs/data-annotation-freelance-writer
New York
https://weworkremotely.com/remote-jobs/dataannotation-tech-ft-pt-remote-ai-prompt-engineering-evaluation-will-train
New York, NY
https://weworkremotely.com/remote-jobs/native-camp-online-english-teacher-15
Japan
https://weworkremotely.com/remote-jobs/tutor-job-conversation-practice-partner-native-english-speaker-1
Dubai
https://weworkremotely.com/remote-jobs/stone-press-freelance-editor-1
Seattle, WA
https://weworkremotely.com/remote-jobs/draft-dev-technical-writer-developer
USA
https://weworkremotely.com/remote-jobs/livingston-research-expert-tutor-in-physics-1
San Francisco, CA
https://weworkremotely.com/remote-jobs/eleven-writing-content-marketing-ai-business-writer-remote
Singapore
https://weworkremotely.com/remote-jobs/proxify-ab-senior-data-engineer-long-term-job-100-remote
Sweden
https://weworkremotely.com/remote-jobs/hellochakra-llc-senior-logistics-supply-chain-ecommerce-specialist
USA
https://weworkremotely.com/remote-jobs/juice-agency-digital-project-coordinator
Orlando, FL
https://weworkremotely.com/remote-jobs/terrateam-freelance-writer-b2b-saas-devops
Amsterdam, NL
https://weworkremotely.com/remote-jobs/the-urban-writers-freelance-creatives2023-09-26 20:50:18,796 - WARNING - The chromedriver version (116.0.5845.96) detected in PATH at C:\Program Files\Google\Chrome\Application\chromedriver.exe might not be compatible with the detected chrome version (117.0.5938.92); currently, chromedriver 117.0.5938.92 is recommended for chrome 117.*, so it is advised to delete the driver in PATH and retry
2023-09-26 20:50:22,005 - WARNING - The chromedriver version (116.0.5845.96) detected in PATH at C:\Program Files\Google\Chrome\Application\chromedriver.exe might not be compatible with the detected chrome version (117.0.5938.92); currently, chromedriver 117.0.5938.92 is recommended for chrome 117.*, so it is advised to delete the driver in PATH and retry
2023-09-26 20:54:33,094 - WARNING - The chromedriver version (116.0.5845.96) detected in PATH at C:\Program Files\Google\Chrome\Application\chromedriver.exe might not be compatible with the detected chrome version (117.0.5938.92); currently, chromedriver 117.0.5938.92 is recommended for chrome 117.*, so it is advised to delete the driver in PATH and retry
2023-09-26 20:54:55,754 - INFO - 127.0.0.1 - - [26/Sep/2023 20:54:55] "[37mPOST /search HTTP/1.1[0m" 200 -
2023-09-27 12:05:03,224 - INFO - 127.0.0.1 - - [27/Sep/2023 12:05:03] "[37mGET / HTTP/1.1[0m" 200 -
2023-09-27 12:05:03,243 - INFO - 127.0.0.1 - - [27/Sep/2023 12:05:03] "[36mGET /static/logo.png HTTP/1.1[0m" 304 -
2023-09-27 12:05:54,410 - INFO -  * Detected change in 'C:\\Users\\Administrator\\Desktop\\Skill Search\\seek_copy.py', reloading
2023-09-27 12:05:54,410 - INFO -  * Detected change in 'C:\\Users\\Administrator\\Desktop\\Skill Search\\seek_copy.py', reloading

Toronto, Canada
https://weworkremotely.com/remote-jobs/proxify-ab-senior-symfony-developer
Sweden
https://weworkremotely.com/remote-jobs/creative-force-senior-information-security-analyst-apac-emea
Creative Force
https://weworkremotely.com/remote-jobs/assembly-four-business-it-manager
Melbourne, Australia
https://weworkremotely.com/remote-jobs/piton-labs-business-development
New York
https://weworkremotely.com/remote-jobs/stone-press-freelance-writer-website-creation-specialist
Seattle, WA
https://weworkremotely.com/remote-jobs/stone-press-freelance-b2b-content-writer
Seattle, WA
https://weworkremotely.com/remote-jobs/xm-cloud-security-engineer
Cyprus, Greece or Remote
https://weworkremotely.com/remote-jobs/ivy-ml-engineer-intern-8
London
https://weworkremotely.com/remote-jobs/agentfire-com-product-education-content-creator
New York
https://weworkremotely.com/remote-jobs/grant-muller-short-form-video-editor
USA
https://weworkremotely.com/remote-jobs/eduopinions-student-representatives-2
Andorra
https://weworkremotely.com/remote-jobs/livingston-research-freelance-content-writer-copywriter-8
San Francisco, CA
https://weworkremotely.com/remote-jobs/pactera-technology-spain-s-l-u-centific-oneforma-project-lightspeed-en-us
Pactera Technology Spain, S.L.U.
https://weworkremotely.com/remote-jobs/baymard-institute-ux-research-analyst-writer
Denmark
https://weworkremotely.com/remote-jobs/tickets-junky-account-details-specialist
Los Angeles, California, United States
https://weworkremotely.com/remote-jobs/proxify-ab-senior-microsoft-powerbi-developer
Sweden
https://weworkremotely.com/remote-jobs/proxify-ab-senior-shopify-developer
Sweden
https://weworkremotely.com/remote-jobs/proxify-ab-senior-wordpress-developer
Sweden
https://weworkremotely.com/remote-jobs/contra-freelance-3d-modeler-and-texture-artist-for-oriental-poppy-flower-animation-at-sauce-studio
San Francisco, CA
https://weworkremotely.com/remote-jobs/ampifire-writers-looking-for-a-steady-reliable-income
London, UK
https://weworkremotely.com/remote-jobs/proxify-ab-senior-flutter-developer
Sweden
https://weworkremotely.com/remote-jobs/contra-freelance-social-media-manager
San Francisco, CA
https://weworkremotely.com/remote-jobs/colette-baron-reid-marketing-automation-tech-stack-manager
Toronto, Ontario, Canada
https://weworkremotely.com/remote-jobs/leadsimple-inc-senior-director-of-success
Washington State, U.S.A.
https://weworkremotely.com/remote-jobs/contra-freelance-microsoft-365-corporate-setup-at-sergio-mannino-studio
San Francisco, CA
https://weworkremotely.com/remote-jobs/native-camp-online-english-teacher-14
Japan
https://weworkremotely.com/remote-jobs/new
job count 1200
60
Scraping page 1
Scraping page 2
Message: no such element: Unable to locate element: {"method":"css selector","selector":"[id="SearchSummary"]"}
  (Session info: chrome=117.0.5938.92); For documentation on this error, please visit: https://www.selenium.dev/documentation/webdriver/troubleshooting/errors#no-such-element-exception
Stacktrace:
	GetHandleVerifier [0x00AC37C3+48947]
	(No symbol) [0x00A58551]
	(No symbol) [0x0095C92D]
	(No symbol) [0x00989E38]
	(No symbol) [0x00989EFB]
	(No symbol) [0x009B8EF2]
	(No symbol) [0x009A50D4]
	(No symbol) [0x009B75DA]
	(No symbol) [0x009A4E86]
	(No symbol) [0x009816C7]
	(No symbol) [0x0098284D]
	GetHandleVerifier [0x00D0FDF9+2458985]
	GetHandleVerifier [0x00D5744F+2751423]
	GetHandleVerifier [0x00D51361+2726609]
	GetHandleVerifier [0x00B40680+560624]
	(No symbol) [0x00A6238C]
	(No symbol) [0x00A5E268]
	(No symbol) [0x00A5E392]
	(No symbol) [0x00A510B7]
	BaseThreadInitThunk [0x76670619+25]
	RtlGetAppContainerNamedObjectPath [0x77CE784D+237]
	RtlGetAppContainerNamedObjectPath [0x77CE781D+189]

error in seek
[Errno 2] No such file or directory: 'seek_data.csv'
2023-09-27 12:05:55,535 - INFO -  * Restarting with windowsapi reloader
Working
AllSites
inside All site
2
https://www.foundit.in/srp/results?sort=1&limit=15&query=Data+Analyst&locations=India&queryDerived=true&jobFreshness=30&searchId=c27e83d3-822b-4c59-ac35-33b21cbdc96e
****
15
0
***************
***************
2
1
***************
***************
2
2
***************
***************
2
3
***************
***************
2
4
***************
***************
2
5
***************
***************
2
6
***************
***************
7
***************
***************
2
8
***************
***************
2
9
***************
***************
1
10
***************
***************
2
11
***************
***************
2
12
***************
***************
3
13
***************
***************
2
14
***************
***************
2
3
https://www.foundit.in/srp/results?start=15&sort=1&limit=15&query=Data+Analyst&locations=India&queryDerived=true&jobFreshness=30&searchId=c27e83d3-822b-4c59-ac35-33b21cbdc96e
****
15
0
***************
***************
2
1
***************
***************
2
2
***************
***************
2
3
***************
***************
2
4
***************
***************
2
5
***************
***************
2
6
***************
***************
7
***************
***************
2
8
***************
***************
2
9
***************
***************
2
10
***************
***************
2
11
***************
***************
2
12
***************
***************
2
13
***************
***************
2
14
***************
***************
2
4
https://www.foundit.in/srp/results?start=30&sort=1&limit=15&query=Data+Analyst&locations=India&queryDerived=true&jobFreshness=30&searchId=c27e83d3-822b-4c59-ac35-33b21cbdc96e
****
15
0
***************
***************
2
1
***************
***************
2
2
***************
***************
2
3
***************
***************
2
4
***************
***************
2
5
***************
***************
2
6
***************
***************
7
***************
***************
2
8
***************
***************
2
9
***************
***************
2
10
***************
***************
2
11
***************
***************
2
12
***************
***************
2
13
***************
***************
2
14
***************
***************
2
5
https://www.foundit.in/srp/results?start=45&sort=1&limit=15&query=Data+Analyst&locations=India&queryDerived=true&jobFreshness=30&searchId=c27e83d3-822b-4c59-ac35-33b21cbdc96e
****
15
0
***************
***************
2
1
***************
***************
2
2
***************
***************
2
3
***************
***************
2
4
***************
***************
2
5
***************
***************
2
6
***************
***************
7
***************
***************
2
8
***************
***************
2
9
***************
***************
2
10
***************
***************
2
11
***************
***************
2
12
***************
***************
2
13
***************
***************
2
14
***************
***************
2
6
https://www.foundit.in/srp/results?start=60&sort=1&limit=15&query=Data+Analyst&locations=India&queryDerived=true&jobFreshness=30&searchId=c27e83d3-822b-4c59-ac35-33b21cbdc96e
****
15
0
***************
***************
2
1
***************
***************
2
2
***************
***************
2
3
***************
***************
2
4
***************
***************
2
5
***************
***************
2
6
***************
***************
7
***************
***************
2
8
***************
***************
2
9
***************
***************
2
10
***************
***************
2
11
***************
***************
2
12
***************
***************
2
13
***************
***************
2
14
***************
***************
2
7
https://www.foundit.in/srp/results?start=75&sort=1&limit=15&query=Data+Analyst&locations=India&queryDerived=true&jobFreshness=30&searchId=c27e83d3-822b-4c59-ac35-33b21cbdc96e
****
15
0
***************
***************
2
An error occurred: ('Connection aborted.', ConnectionResetError(10054, 'An existing connection was forcibly closed by the remote host', None, 10054, None))
